<?xml version="1.0" ?>
<testsuites errors="0" failures="0" name="ABLUnit" tests="7"><testsuite name="C:/Theja/117Testing/27Mar/WRK1u/Operations/tests/TestSuiteClass.cls" tests="2" time=".006"><testsuite name="BasicOp.cls" tests="4" time=".004"><testcase name="testAdditionValid" status="Success" time=".001"/><testcase name="testSubstraction" status="Success" time=".001"/><testcase name="testMultiplication" status="Success" time="0"/><testcase name="testDivision" status="Success" time=".001"/></testsuite><testsuite name="testFact.p" tests="3" time=".002"><testcase name="test1" status="Success" time=".001"/><testcase name="test2" status="Success" time=".001"/><testcase name="testErr" status="Success" time="0"/></testsuite></testsuite></testsuites>